  pch.cpp
  test.cpp
E:\VS Projects\MyDB\MyDBTest\test.cpp(6,5): error C2039: 'compareChar': is not a member of 'MyDB'
E:\VS Projects\MyDB\MyDB\MyDB.h(10): message : see declaration of 'MyDB'
E:\VS Projects\MyDB\MyDBTest\test.cpp(6,5): error C2660: 'testing::internal::EqHelper<false>::Compare': function does not take 3 arguments
E:\VS Projects\MyDB\MyDB\packages\Microsoft.googletest.v140.windesktop.msvcstl.static.rt-dyn.1.8.1.3\build\native\include\gtest\gtest.h(1481,26): message : see declaration of 'testing::internal::EqHelper<false>::Compare'
E:\VS Projects\MyDB\MyDBTest\test.cpp(6,5): error C2512: 'testing::AssertionResult': no appropriate default constructor available
E:\VS Projects\MyDB\MyDB\packages\Microsoft.googletest.v140.windesktop.msvcstl.static.rt-dyn.1.8.1.3\build\native\include\gtest\gtest.h(281,18): message : see declaration of 'testing::AssertionResult'
E:\VS Projects\MyDB\MyDBTest\test.cpp(7,5): error C2039: 'compareChar': is not a member of 'MyDB'
E:\VS Projects\MyDB\MyDB\MyDB.h(10): message : see declaration of 'MyDB'
E:\VS Projects\MyDB\MyDBTest\test.cpp(7,5): error C2660: 'testing::internal::EqHelper<false>::Compare': function does not take 3 arguments
E:\VS Projects\MyDB\MyDB\packages\Microsoft.googletest.v140.windesktop.msvcstl.static.rt-dyn.1.8.1.3\build\native\include\gtest\gtest.h(1481,26): message : see declaration of 'testing::internal::EqHelper<false>::Compare'
E:\VS Projects\MyDB\MyDBTest\test.cpp(7,5): error C2512: 'testing::AssertionResult': no appropriate default constructor available
E:\VS Projects\MyDB\MyDB\packages\Microsoft.googletest.v140.windesktop.msvcstl.static.rt-dyn.1.8.1.3\build\native\include\gtest\gtest.h(281,18): message : see declaration of 'testing::AssertionResult'
E:\VS Projects\MyDB\MyDBTest\test.cpp(8,5): error C2039: 'compareChar': is not a member of 'MyDB'
E:\VS Projects\MyDB\MyDB\MyDB.h(10): message : see declaration of 'MyDB'
E:\VS Projects\MyDB\MyDBTest\test.cpp(8,5): error C2660: 'testing::internal::EqHelper<false>::Compare': function does not take 3 arguments
E:\VS Projects\MyDB\MyDB\packages\Microsoft.googletest.v140.windesktop.msvcstl.static.rt-dyn.1.8.1.3\build\native\include\gtest\gtest.h(1481,26): message : see declaration of 'testing::internal::EqHelper<false>::Compare'
E:\VS Projects\MyDB\MyDBTest\test.cpp(8,5): error C2512: 'testing::AssertionResult': no appropriate default constructor available
E:\VS Projects\MyDB\MyDB\packages\Microsoft.googletest.v140.windesktop.msvcstl.static.rt-dyn.1.8.1.3\build\native\include\gtest\gtest.h(281,18): message : see declaration of 'testing::AssertionResult'
E:\VS Projects\MyDB\MyDBTest\test.cpp(9,5): error C2039: 'compareChar': is not a member of 'MyDB'
E:\VS Projects\MyDB\MyDB\MyDB.h(10): message : see declaration of 'MyDB'
E:\VS Projects\MyDB\MyDBTest\test.cpp(9,5): error C2512: 'testing::AssertionResult': no appropriate default constructor available
E:\VS Projects\MyDB\MyDBTest\test.cpp(9,5): message : No constructor could take the source type, or constructor overload resolution was ambiguous
E:\VS Projects\MyDB\MyDBTest\test.cpp(9,5): error C2064: term does not evaluate to a function taking 1 arguments
E:\VS Projects\MyDB\MyDBTest\test.cpp(10,5): error C2039: 'compareChar': is not a member of 'MyDB'
E:\VS Projects\MyDB\MyDB\MyDB.h(10): message : see declaration of 'MyDB'
E:\VS Projects\MyDB\MyDBTest\test.cpp(10,5): error C2512: 'testing::AssertionResult': no appropriate default constructor available
E:\VS Projects\MyDB\MyDBTest\test.cpp(10,5): message : No constructor could take the source type, or constructor overload resolution was ambiguous
E:\VS Projects\MyDB\MyDBTest\test.cpp(10,5): error C2064: term does not evaluate to a function taking 1 arguments
E:\VS Projects\MyDB\MyDBTest\test.cpp(11,5): error C2039: 'compareChar': is not a member of 'MyDB'
E:\VS Projects\MyDB\MyDB\MyDB.h(10): message : see declaration of 'MyDB'
E:\VS Projects\MyDB\MyDBTest\test.cpp(11,5): error C2512: 'testing::AssertionResult': no appropriate default constructor available
E:\VS Projects\MyDB\MyDBTest\test.cpp(11,5): message : No constructor could take the source type, or constructor overload resolution was ambiguous
E:\VS Projects\MyDB\MyDBTest\test.cpp(11,5): error C2064: term does not evaluate to a function taking 1 arguments
E:\VS Projects\MyDB\MyDBTest\test.cpp(12,5): error C2039: 'compareChar': is not a member of 'MyDB'
E:\VS Projects\MyDB\MyDB\MyDB.h(10): message : see declaration of 'MyDB'
E:\VS Projects\MyDB\MyDBTest\test.cpp(12,5): error C2512: 'testing::AssertionResult': no appropriate default constructor available
E:\VS Projects\MyDB\MyDBTest\test.cpp(12,5): message : No constructor could take the source type, or constructor overload resolution was ambiguous
E:\VS Projects\MyDB\MyDBTest\test.cpp(12,5): error C2064: term does not evaluate to a function taking 1 arguments
E:\VS Projects\MyDB\MyDBTest\test.cpp(17,5): error C2039: 'compareChar': is not a member of 'MyDB'
E:\VS Projects\MyDB\MyDB\MyDB.h(10): message : see declaration of 'MyDB'
E:\VS Projects\MyDB\MyDBTest\test.cpp(17,5): error C2512: 'testing::AssertionResult': no appropriate default constructor available
E:\VS Projects\MyDB\MyDBTest\test.cpp(17,5): message : No constructor could take the source type, or constructor overload resolution was ambiguous
E:\VS Projects\MyDB\MyDBTest\test.cpp(17,5): error C2064: term does not evaluate to a function taking 1 arguments
E:\VS Projects\MyDB\MyDBTest\test.cpp(18,5): error C2039: 'compareChar': is not a member of 'MyDB'
E:\VS Projects\MyDB\MyDB\MyDB.h(10): message : see declaration of 'MyDB'
E:\VS Projects\MyDB\MyDBTest\test.cpp(18,5): error C2512: 'testing::AssertionResult': no appropriate default constructor available
E:\VS Projects\MyDB\MyDBTest\test.cpp(18,5): message : No constructor could take the source type, or constructor overload resolution was ambiguous
E:\VS Projects\MyDB\MyDBTest\test.cpp(18,5): error C2064: term does not evaluate to a function taking 1 arguments
E:\VS Projects\MyDB\MyDBTest\test.cpp(19,5): error C2039: 'compareChar': is not a member of 'MyDB'
E:\VS Projects\MyDB\MyDB\MyDB.h(10): message : see declaration of 'MyDB'
E:\VS Projects\MyDB\MyDBTest\test.cpp(19,5): error C2512: 'testing::AssertionResult': no appropriate default constructor available
E:\VS Projects\MyDB\MyDBTest\test.cpp(19,5): message : No constructor could take the source type, or constructor overload resolution was ambiguous
E:\VS Projects\MyDB\MyDBTest\test.cpp(19,5): error C2064: term does not evaluate to a function taking 1 arguments
E:\VS Projects\MyDB\MyDBTest\test.cpp(20,5): error C2039: 'compareChar': is not a member of 'MyDB'
E:\VS Projects\MyDB\MyDB\MyDB.h(10): message : see declaration of 'MyDB'
E:\VS Projects\MyDB\MyDBTest\test.cpp(20,5): error C2512: 'testing::AssertionResult': no appropriate default constructor available
E:\VS Projects\MyDB\MyDBTest\test.cpp(20,5): message : No constructor could take the source type, or constructor overload resolution was ambiguous
E:\VS Projects\MyDB\MyDBTest\test.cpp(20,5): error C2064: term does not evaluate to a function taking 1 arguments
E:\VS Projects\MyDB\MyDBTest\test.cpp(21,5): error C2039: 'compareChar': is not a member of 'MyDB'
E:\VS Projects\MyDB\MyDB\MyDB.h(10): message : see declaration of 'MyDB'
E:\VS Projects\MyDB\MyDBTest\test.cpp(21,5): error C2512: 'testing::AssertionResult': no appropriate default constructor available
E:\VS Projects\MyDB\MyDBTest\test.cpp(21,5): message : No constructor could take the source type, or constructor overload resolution was ambiguous
E:\VS Projects\MyDB\MyDBTest\test.cpp(21,5): error C2064: term does not evaluate to a function taking 1 arguments
E:\VS Projects\MyDB\MyDBTest\test.cpp(22,5): error C2039: 'compareChar': is not a member of 'MyDB'
E:\VS Projects\MyDB\MyDB\MyDB.h(10): message : see declaration of 'MyDB'
E:\VS Projects\MyDB\MyDBTest\test.cpp(22,5): error C2512: 'testing::AssertionResult': no appropriate default constructor available
E:\VS Projects\MyDB\MyDBTest\test.cpp(22,5): message : No constructor could take the source type, or constructor overload resolution was ambiguous
E:\VS Projects\MyDB\MyDBTest\test.cpp(22,5): error C2064: term does not evaluate to a function taking 1 arguments
